#
# There is insufficient memory for the Java Runtime Environment to continue.
# Cannot create GC thread. Out of system resources.
# Possible reasons:
#   The system is out of physical RAM or swap space
#   The process is running with CompressedOops enabled, and the Java Heap may be blocking the growth of the native heap
# Possible solutions:
#   Reduce memory load on the system
#   Increase physical memory or swap space
#   Check if swap backing store is full
#   Decrease Java heap size (-Xmx/-Xms)
#   Decrease number of Java threads
#   Decrease Java thread stack sizes (-Xss)
#   Set larger code cache with -XX:ReservedCodeCacheSize=
# This output file may be truncated or incomplete.
#
#  Out of Memory Error (gcTaskThread.cpp:48), pid=789874, tid=0x00007f4c43cbd700
#
# JRE version:  (8.0_282-b08) (build )
# Java VM: OpenJDK 64-Bit Server VM (25.282-b08 mixed mode linux-amd64 compressed oops)
# Failed to write core dump. Core dumps have been disabled. To enable core dumping, try "ulimit -c unlimited" before starting Java again
#

---------------  T H R E A D  ---------------

Current thread (0x00007f4c3c00b000):  JavaThread "Unknown thread" [_thread_in_vm, id=789880, stack(0x00007f4c43bbe000,0x00007f4c43cbe000)]

Stack: [0x00007f4c43bbe000,0x00007f4c43cbe000],  sp=0x00007f4c43cbc770,  free space=1017k
Native frames: (J=compiled Java code, j=interpreted, Vv=VM code, C=native code)
V  [libjvm.so+0xb34a33]
V  [libjvm.so+0x4ec121]
V  [libjvm.so+0x5c7fef]
V  [libjvm.so+0x5c771f]
V  [libjvm.so+0x9a4fca]
V  [libjvm.so+0xaf733a]
V  [libjvm.so+0xaf75c9]
V  [libjvm.so+0x641374]
V  [libjvm.so+0xad7010]
V  [libjvm.so+0x727ae3]  JNI_CreateJavaVM+0x63
C  [libjli.so+0x442a]
C  [libjli.so+0x8dc1]
C  [libpthread.so.0+0x9609]  start_thread+0xd9


---------------  P R O C E S S  ---------------

Java Threads: ( => current thread )

Other Threads:

=>0x00007f4c3c00b000 (exited) JavaThread "Unknown thread" [_thread_in_vm, id=789880, stack(0x00007f4c43bbe000,0x00007f4c43cbe000)]

VM state:not at safepoint (not fully initialized)

VM Mutex/Monitor currently owned by a thread: None

heap address: 0x0000000080000000, size: 2048 MB, Compressed Oops mode: Non-zero based:0x000000007ffff000
Narrow klass base: 0x0000000000000000, Narrow klass shift: 0

GC Heap History (0 events):
No events

Deoptimization events (0 events):
No events

Classes redefined (0 events):
No events

Internal exceptions (0 events):
No events

Events (0 events):
No events


Dynamic libraries:
80000000-94d80000 rw-p 00000000 00:00 0 
94d80000-d5580000 ---p 00000000 00:00 0 
d5580000-dfc00000 rw-p 00000000 00:00 0 
dfc00000-100000000 ---p 00000000 00:00 0 
55f330a15000-55f330a16000 r--p 00000000 fd:01 41550106                   /usr/lib/jvm/java-8-openjdk-amd64/jre/bin/java
55f330a16000-55f330a17000 r-xp 00001000 fd:01 41550106                   /usr/lib/jvm/java-8-openjdk-amd64/jre/bin/java
55f330a17000-55f330a18000 r--p 00002000 fd:01 41550106                   /usr/lib/jvm/java-8-openjdk-amd64/jre/bin/java
55f330a18000-55f330a19000 r--p 00002000 fd:01 41550106                   /usr/lib/jvm/java-8-openjdk-amd64/jre/bin/java
55f330a19000-55f330a1a000 rw-p 00003000 fd:01 41550106                   /usr/lib/jvm/java-8-openjdk-amd64/jre/bin/java
55f3317f4000-55f331815000 rw-p 00000000 00:00 0                          [heap]
7f4c2d000000-7f4c2d270000 rwxp 00000000 00:00 0 
7f4c2d270000-7f4c3c000000 ---p 00000000 00:00 0 
7f4c3c000000-7f4c3c03b000 rw-p 00000000 00:00 0 
7f4c3c03b000-7f4c40000000 ---p 00000000 00:00 0 
7f4c42dea000-7f4c42deb000 ---p 00000000 00:00 0 
7f4c42deb000-7f4c42eeb000 rw-p 00000000 00:00 0 
7f4c42eeb000-7f4c42eec000 ---p 00000000 00:00 0 
7f4c42eec000-7f4c42fec000 rw-p 00000000 00:00 0 
7f4c42fec000-7f4c42fed000 ---p 00000000 00:00 0 
7f4c42fed000-7f4c43194000 rw-p 00000000 00:00 0 
7f4c43194000-7f4c43398000 ---p 00000000 00:00 0 
7f4c43398000-7f4c4343f000 rw-p 00000000 00:00 0 
7f4c4343f000-7f4c43642000 ---p 00000000 00:00 0 
7f4c43642000-7f4c43696000 rw-p 00000000 00:00 0 
7f4c43696000-7f4c43798000 ---p 00000000 00:00 0 
7f4c43798000-7f4c437a3000 rw-p 00000000 00:00 0 
7f4c437a3000-7f4c43b59000 ---p 00000000 00:00 0 
7f4c43b59000-7f4c43b5c000 r--p 00000000 fd:01 41681449                   /usr/lib/x86_64-linux-gnu/libnss_files-2.31.so
7f4c43b5c000-7f4c43b63000 r-xp 00003000 fd:01 41681449                   /usr/lib/x86_64-linux-gnu/libnss_files-2.31.so
7f4c43b63000-7f4c43b65000 r--p 0000a000 fd:01 41681449                   /usr/lib/x86_64-linux-gnu/libnss_files-2.31.so
7f4c43b65000-7f4c43b66000 r--p 0000b000 fd:01 41681449                   /usr/lib/x86_64-linux-gnu/libnss_files-2.31.so
7f4c43b66000-7f4c43b67000 rw-p 0000c000 fd:01 41681449                   /usr/lib/x86_64-linux-gnu/libnss_files-2.31.so
7f4c43b67000-7f4c43b6d000 rw-p 00000000 00:00 0 
7f4c43b6f000-7f4c43b72000 r--p 00000000 fd:01 41554670                   /usr/lib/jvm/java-8-openjdk-amd64/jre/lib/amd64/libzip.so
7f4c43b72000-7f4c43b77000 r-xp 00003000 fd:01 41554670                   /usr/lib/jvm/java-8-openjdk-amd64/jre/lib/amd64/libzip.so
7f4c43b77000-7f4c43b79000 r--p 00008000 fd:01 41554670                   /usr/lib/jvm/java-8-openjdk-amd64/jre/lib/amd64/libzip.so
7f4c43b79000-7f4c43b7a000 r--p 00009000 fd:01 41554670                   /usr/lib/jvm/java-8-openjdk-amd64/jre/lib/amd64/libzip.so
7f4c43b7a000-7f4c43b7b000 rw-p 0000a000 fd:01 41554670                   /usr/lib/jvm/java-8-openjdk-amd64/jre/lib/amd64/libzip.so
7f4c43b7b000-7f4c43b83000 rw-s 00000000 fd:01 14813158                   /tmp/hsperfdata_jeffreyz/789874
7f4c43b83000-7f4c43b90000 r--p 00000000 fd:01 41551461                   /usr/lib/jvm/java-8-openjdk-amd64/jre/lib/amd64/libjava.so
7f4c43b90000-7f4c43ba8000 r-xp 0000d000 fd:01 41551461                   /usr/lib/jvm/java-8-openjdk-amd64/jre/lib/amd64/libjava.so
7f4c43ba8000-7f4c43baf000 r--p 00025000 fd:01 41551461                   /usr/lib/jvm/java-8-openjdk-amd64/jre/lib/amd64/libjava.so
7f4c43baf000-7f4c43bb0000 r--p 0002b000 fd:01 41551461                   /usr/lib/jvm/java-8-openjdk-amd64/jre/lib/amd64/libjava.so
7f4c43bb0000-7f4c43bb2000 rw-p 0002c000 fd:01 41551461                   /usr/lib/jvm/java-8-openjdk-amd64/jre/lib/amd64/libjava.so
7f4c43bb2000-7f4c43bb5000 r--p 00000000 fd:01 41681464                   /usr/lib/x86_64-linux-gnu/librt-2.31.so
7f4c43bb5000-7f4c43bb9000 r-xp 00003000 fd:01 41681464                   /usr/lib/x86_64-linux-gnu/librt-2.31.so
7f4c43bb9000-7f4c43bba000 r--p 00007000 fd:01 41681464                   /usr/lib/x86_64-linux-gnu/librt-2.31.so
7f4c43bba000-7f4c43bbb000 ---p 00008000 fd:01 41681464                   /usr/lib/x86_64-linux-gnu/librt-2.31.so
7f4c43bbb000-7f4c43bbc000 r--p 00008000 fd:01 41681464                   /usr/lib/x86_64-linux-gnu/librt-2.31.so
7f4c43bbc000-7f4c43bbd000 rw-p 00009000 fd:01 41681464                   /usr/lib/x86_64-linux-gnu/librt-2.31.so
7f4c43bbd000-7f4c43bbe000 ---p 00000000 00:00 0 
7f4c43bbe000-7f4c43bc1000 ---p 00000000 00:00 0 
7f4c43bc1000-7f4c43cbe000 rw-p 00000000 00:00 0 
7f4c43cbe000-7f4c43cc1000 r--p 00000000 fd:01 41681882                   /usr/lib/x86_64-linux-gnu/libgcc_s.so.1
7f4c43cc1000-7f4c43cd3000 r-xp 00003000 fd:01 41681882                   /usr/lib/x86_64-linux-gnu/libgcc_s.so.1
7f4c43cd3000-7f4c43cd7000 r--p 00015000 fd:01 41681882                   /usr/lib/x86_64-linux-gnu/libgcc_s.so.1
7f4c43cd7000-7f4c43cd8000 r--p 00018000 fd:01 41681882                   /usr/lib/x86_64-linux-gnu/libgcc_s.so.1
7f4c43cd8000-7f4c43cd9000 rw-p 00019000 fd:01 41681882                   /usr/lib/x86_64-linux-gnu/libgcc_s.so.1
7f4c43cd9000-7f4c43ce8000 r--p 00000000 fd:01 41681148                   /usr/lib/x86_64-linux-gnu/libm-2.31.so
7f4c43ce8000-7f4c43d8f000 r-xp 0000f000 fd:01 41681148                   /usr/lib/x86_64-linux-gnu/libm-2.31.so
7f4c43d8f000-7f4c43e26000 r--p 000b6000 fd:01 41681148                   /usr/lib/x86_64-linux-gnu/libm-2.31.so
7f4c43e26000-7f4c43e27000 r--p 0014c000 fd:01 41681148                   /usr/lib/x86_64-linux-gnu/libm-2.31.so
7f4c43e27000-7f4c43e28000 rw-p 0014d000 fd:01 41681148                   /usr/lib/x86_64-linux-gnu/libm-2.31.so
7f4c43e28000-7f4c43ebe000 r--p 00000000 fd:01 41684615                   /usr/lib/x86_64-linux-gnu/libstdc++.so.6.0.28
7f4c43ebe000-7f4c43fae000 r-xp 00096000 fd:01 41684615                   /usr/lib/x86_64-linux-gnu/libstdc++.so.6.0.28
7f4c43fae000-7f4c43ff7000 r--p 00186000 fd:01 41684615                   /usr/lib/x86_64-linux-gnu/libstdc++.so.6.0.28
7f4c43ff7000-7f4c43ff8000 ---p 001cf000 fd:01 41684615                   /usr/lib/x86_64-linux-gnu/libstdc++.so.6.0.28
7f4c43ff8000-7f4c44003000 r--p 001cf000 fd:01 41684615                   /usr/lib/x86_64-linux-gnu/libstdc++.so.6.0.28
7f4c44003000-7f4c44006000 rw-p 001da000 fd:01 41684615                   /usr/lib/x86_64-linux-gnu/libstdc++.so.6.0.28
7f4c44006000-7f4c44009000 rw-p 00000000 00:00 0 
7f4c44009000-7f4c441fe000 r--p 00000000 fd:01 41554672                   /usr/lib/jvm/java-8-openjdk-amd64/jre/lib/amd64/server/libjvm.so
7f4c441fe000-7f4c44b65000 r-xp 001f5000 fd:01 41554672                   /usr/lib/jvm/java-8-openjdk-amd64/jre/lib/amd64/server/libjvm.so
7f4c44b65000-7f4c44d16000 r--p 00b5c000 fd:01 41554672                   /usr/lib/jvm/java-8-openjdk-amd64/jre/lib/amd64/server/libjvm.so
7f4c44d16000-7f4c44dac000 r--p 00d0c000 fd:01 41554672                   /usr/lib/jvm/java-8-openjdk-amd64/jre/lib/amd64/server/libjvm.so
7f4c44dac000-7f4c44dd5000 rw-p 00da2000 fd:01 41554672                   /usr/lib/jvm/java-8-openjdk-amd64/jre/lib/amd64/server/libjvm.so
7f4c44dd5000-7f4c44e0a000 rw-p 00000000 00:00 0 
7f4c44e0a000-7f4c44e11000 r--p 00000000 fd:01 41681461                   /usr/lib/x86_64-linux-gnu/libpthread-2.31.so
7f4c44e11000-7f4c44e22000 r-xp 00007000 fd:01 41681461                   /usr/lib/x86_64-linux-gnu/libpthread-2.31.so
7f4c44e22000-7f4c44e27000 r--p 00018000 fd:01 41681461                   /usr/lib/x86_64-linux-gnu/libpthread-2.31.so
7f4c44e27000-7f4c44e28000 r--p 0001c000 fd:01 41681461                   /usr/lib/x86_64-linux-gnu/libpthread-2.31.so
7f4c44e28000-7f4c44e29000 rw-p 0001d000 fd:01 41681461                   /usr/lib/x86_64-linux-gnu/libpthread-2.31.so
7f4c44e29000-7f4c44e2d000 rw-p 00000000 00:00 0 
7f4c44e2d000-7f4c44e2e000 r--p 00000000 fd:01 41681144                   /usr/lib/x86_64-linux-gnu/libdl-2.31.so
7f4c44e2e000-7f4c44e30000 r-xp 00001000 fd:01 41681144                   /usr/lib/x86_64-linux-gnu/libdl-2.31.so
7f4c44e30000-7f4c44e31000 r--p 00003000 fd:01 41681144                   /usr/lib/x86_64-linux-gnu/libdl-2.31.so
7f4c44e31000-7f4c44e32000 r--p 00003000 fd:01 41681144                   /usr/lib/x86_64-linux-gnu/libdl-2.31.so
7f4c44e32000-7f4c44e33000 rw-p 00004000 fd:01 41681144                   /usr/lib/x86_64-linux-gnu/libdl-2.31.so
7f4c44e33000-7f4c44e35000 r--p 00000000 fd:01 41681095                   /usr/lib/x86_64-linux-gnu/libz.so.1.2.11
7f4c44e35000-7f4c44e46000 r-xp 00002000 fd:01 41681095                   /usr/lib/x86_64-linux-gnu/libz.so.1.2.11
7f4c44e46000-7f4c44e4c000 r--p 00013000 fd:01 41681095                   /usr/lib/x86_64-linux-gnu/libz.so.1.2.11
7f4c44e4c000-7f4c44e4d000 ---p 00019000 fd:01 41681095                   /usr/lib/x86_64-linux-gnu/libz.so.1.2.11
7f4c44e4d000-7f4c44e4e000 r--p 00019000 fd:01 41681095                   /usr/lib/x86_64-linux-gnu/libz.so.1.2.11
7f4c44e4e000-7f4c44e4f000 rw-p 0001a000 fd:01 41681095                   /usr/lib/x86_64-linux-gnu/libz.so.1.2.11
7f4c44e4f000-7f4c44e74000 r--p 00000000 fd:01 41681140                   /usr/lib/x86_64-linux-gnu/libc-2.31.so
7f4c44e74000-7f4c44fec000 r-xp 00025000 fd:01 41681140                   /usr/lib/x86_64-linux-gnu/libc-2.31.so
7f4c44fec000-7f4c45036000 r--p 0019d000 fd:01 41681140                   /usr/lib/x86_64-linux-gnu/libc-2.31.so
7f4c45036000-7f4c45037000 ---p 001e7000 fd:01 41681140                   /usr/lib/x86_64-linux-gnu/libc-2.31.so
7f4c45037000-7f4c4503a000 r--p 001e7000 fd:01 41681140                   /usr/lib/x86_64-linux-gnu/libc-2.31.so
7f4c4503a000-7f4c4503d000 rw-p 001ea000 fd:01 41681140                   /usr/lib/x86_64-linux-gnu/libc-2.31.so
7f4c4503d000-7f4c45041000 rw-p 00000000 00:00 0 
7f4c45043000-7f4c45044000 rw-p 00000000 00:00 0 
7f4c45044000-7f4c45049000 r--p 00000000 fd:01 41554669                   /usr/lib/jvm/java-8-openjdk-amd64/jre/lib/amd64/libverify.so
7f4c45049000-7f4c45052000 r-xp 00005000 fd:01 41554669                   /usr/lib/jvm/java-8-openjdk-amd64/jre/lib/amd64/libverify.so
7f4c45052000-7f4c45054000 r--p 0000e000 fd:01 41554669                   /usr/lib/jvm/java-8-openjdk-amd64/jre/lib/amd64/libverify.so
7f4c45054000-7f4c45056000 r--p 0000f000 fd:01 41554669                   /usr/lib/jvm/java-8-openjdk-amd64/jre/lib/amd64/libverify.so
7f4c45056000-7f4c45057000 rw-p 00011000 fd:01 41554669                   /usr/lib/jvm/java-8-openjdk-amd64/jre/lib/amd64/libverify.so
7f4c45057000-7f4c4505a000 r--p 00000000 fd:01 41550130                   /usr/lib/jvm/java-8-openjdk-amd64/jre/lib/amd64/jli/libjli.so
7f4c4505a000-7f4c45064000 r-xp 00003000 fd:01 41550130                   /usr/lib/jvm/java-8-openjdk-amd64/jre/lib/amd64/jli/libjli.so
7f4c45064000-7f4c45067000 r--p 0000d000 fd:01 41550130                   /usr/lib/jvm/java-8-openjdk-amd64/jre/lib/amd64/jli/libjli.so
7f4c45067000-7f4c45068000 r--p 0000f000 fd:01 41550130                   /usr/lib/jvm/java-8-openjdk-amd64/jre/lib/amd64/jli/libjli.so
7f4c45068000-7f4c45069000 rw-p 00010000 fd:01 41550130                   /usr/lib/jvm/java-8-openjdk-amd64/jre/lib/amd64/jli/libjli.so
7f4c45069000-7f4c4506b000 rw-p 00000000 00:00 0 
7f4c4506b000-7f4c4506c000 r--p 00000000 fd:01 41681100                   /usr/lib/x86_64-linux-gnu/ld-2.31.so
7f4c4506c000-7f4c4508f000 r-xp 00001000 fd:01 41681100                   /usr/lib/x86_64-linux-gnu/ld-2.31.so
7f4c4508f000-7f4c45097000 r--p 00024000 fd:01 41681100                   /usr/lib/x86_64-linux-gnu/ld-2.31.so
7f4c45097000-7f4c45098000 r--p 00000000 00:00 0 
7f4c45098000-7f4c45099000 r--p 0002c000 fd:01 41681100                   /usr/lib/x86_64-linux-gnu/ld-2.31.so
7f4c45099000-7f4c4509a000 rw-p 0002d000 fd:01 41681100                   /usr/lib/x86_64-linux-gnu/ld-2.31.so
7f4c4509a000-7f4c4509b000 rw-p 00000000 00:00 0 
7fffdcba3000-7fffdcbc5000 rw-p 00000000 00:00 0                          [stack]
7fffdcbdd000-7fffdcbe1000 r--p 00000000 00:00 0                          [vvar]
7fffdcbe1000-7fffdcbe3000 r-xp 00000000 00:00 0                          [vdso]
ffffffffff600000-ffffffffff601000 --xp 00000000 00:00 0                  [vsyscall]

VM Arguments:
jvm_args: -XX:+TieredCompilation -XX:TieredStopAtLevel=1 -DBT_ROOT=${env.BT_ROOT} -Dfile.encoding=UTF8 -Duser.timezone=GMT -Xmx2g -Djava.library.path=/home/jeffreyz/github/datawave_fork2/contrib/datawave-quickstart/hadoop/lib/native -Dapple.awt.UIElement=true -Djava.security.krb5.realm= -Djava.security.krb5.kdc= 
java_command: /home/jeffreyz/github/datawave_fork2/warehouse/query-core/target/surefire/surefirebooter4484838166611179031.jar /home/jeffreyz/github/datawave_fork2/warehouse/query-core/target/surefire 2021-03-04T10-51-44_961-jvmRun1 surefire9214370633083768734tmp surefire_363568054761603894657tmp
java_class_path (initial): /home/jeffreyz/github/datawave_fork2/warehouse/query-core/target/surefire/surefirebooter4484838166611179031.jar
Launcher Type: SUN_STANDARD

Environment Variables:
JAVA_HOME=/home/jeffreyz/.jenv/versions/1.8
PATH=/home/jeffreyz/.jenv/shims:/home/jeffreyz/.jenv/bin:/home/jeffreyz/github/datawave_fork2/contrib/datawave-quickstart/bin/services/datawave/wildfly-install/bin:/home/jeffreyz/github/datawave_fork2/contrib/datawave-quickstart/accumulo/bin:/home/jeffreyz/github/datawave_fork2/contrib/datawave-quickstart/zookeeper/bin:/home/jeffreyz/github/datawave_fork2/contrib/datawave-quickstart/hadoop/bin:/usr/lib/jvm/java-1.8.0-openjdk-amd64/bin:/usr/local/sbin:/usr/local/bin:/usr/sbin:/usr/bin:/sbin:/bin:/usr/games:/usr/local/games:/snap/bin
USERNAME=jeffreyz
SHELL=/usr/bin/bash
DISPLAY=:1

Signal Handlers:
SIGSEGV: [libjvm.so+0xb35450], sa_mask[0]=11111111011111111101111111111110, sa_flags=SA_RESTART|SA_SIGINFO
SIGBUS: [libjvm.so+0xb35450], sa_mask[0]=11111111011111111101111111111110, sa_flags=SA_RESTART|SA_SIGINFO
SIGFPE: [libjvm.so+0x97a6d0], sa_mask[0]=11111111011111111101111111111110, sa_flags=SA_RESTART|SA_SIGINFO
SIGPIPE: [libjvm.so+0x97a6d0], sa_mask[0]=11111111011111111101111111111110, sa_flags=SA_RESTART|SA_SIGINFO
SIGXFSZ: [libjvm.so+0x97a6d0], sa_mask[0]=11111111011111111101111111111110, sa_flags=SA_RESTART|SA_SIGINFO
SIGILL: [libjvm.so+0x97a6d0], sa_mask[0]=11111111011111111101111111111110, sa_flags=SA_RESTART|SA_SIGINFO
SIGUSR1: SIG_DFL, sa_mask[0]=00000000000000000000000000000000, sa_flags=none
SIGUSR2: [libjvm.so+0x97a580], sa_mask[0]=00100000000000000000000000000000, sa_flags=SA_RESTART|SA_SIGINFO
SIGHUP: SIG_DFL, sa_mask[0]=00000000000000000000000000000000, sa_flags=none
SIGINT: SIG_DFL, sa_mask[0]=00000000000000000000000000000000, sa_flags=none
SIGTERM: SIG_DFL, sa_mask[0]=00000000000000000000000000000000, sa_flags=none
SIGQUIT: SIG_DFL, sa_mask[0]=00000000000000000000000000000000, sa_flags=none


---------------  S Y S T E M  ---------------

OS:DISTRIB_ID=Pop
DISTRIB_RELEASE=20.04
DISTRIB_CODENAME=focal
DISTRIB_DESCRIPTION="Pop!_OS 20.04 LTS"

uname:Linux 5.8.0-7642-generic #47~1612288990~20.04~b8113e7-Ubuntu SMP Wed Feb 3 02:25:36 UTC 2 x86_64
libc:glibc 2.31 NPTL 2.31 
rlimit: STACK 8192k, CORE 0k, NPROC 65536, NOFILE 65536, AS infinity
load average:17.55 15.29 10.25

/proc/meminfo:
MemTotal:       32639020 kB
MemFree:         1839060 kB
MemAvailable:    8210372 kB
Buffers:         1670732 kB
Cached:          4360808 kB
SwapCached:            0 kB
Active:         25102472 kB
Inactive:        2582852 kB
Active(anon):   21664668 kB
Inactive(anon):    79328 kB
Active(file):    3437804 kB
Inactive(file):  2503524 kB
Unevictable:        8972 kB
Mlocked:               0 kB
SwapTotal:       4193784 kB
SwapFree:        4193784 kB
Dirty:              1196 kB
Writeback:           292 kB
AnonPages:      21662920 kB
Mapped:           855784 kB
Shmem:             92028 kB
KReclaimable:     901012 kB
Slab:            1621148 kB
SReclaimable:     901012 kB
SUnreclaim:       720136 kB
KernelStack:     1057060 kB
PageTables:       198776 kB
NFS_Unstable:          0 kB
Bounce:                0 kB
WritebackTmp:          0 kB
CommitLimit:    20513292 kB
Committed_AS:   95787272 kB
VmallocTotal:   34359738367 kB
VmallocUsed:     1118564 kB
VmallocChunk:          0 kB
Percpu:            12864 kB
HardwareCorrupted:     0 kB
AnonHugePages:         0 kB
ShmemHugePages:        0 kB
ShmemPmdMapped:        0 kB
FileHugePages:         0 kB
FilePmdMapped:         0 kB
HugePages_Total:       0
HugePages_Free:        0
HugePages_Rsvd:        0
HugePages_Surp:        0
Hugepagesize:       2048 kB
Hugetlb:               0 kB
DirectMap4k:      731988 kB
DirectMap2M:    22093824 kB
DirectMap1G:    11534336 kB

container (cgroup) information:
container_type: cgroupv1
cpu_cpuset_cpus: 0-11
cpu_memory_nodes: 0
active_processor_count: 12
cpu_quota: -1
cpu_period: 100000
cpu_shares: -1
memory_limit_in_bytes: -1
memory_and_swap_limit_in_bytes: -1
memory_soft_limit_in_bytes: -1
memory_usage_in_bytes: 28471689216
memory_max_usage_in_bytes: 29271261184


CPU:total 12 (initial active 12) (6 cores per cpu, 2 threads per core) family 6 model 158 stepping 10, cmov, cx8, fxsr, mmx, sse, sse2, sse3, ssse3, sse4.1, sse4.2, popcnt, avx, avx2, aes, clmul, erms, 3dnowpref, lzcnt, ht, tsc, tscinvbit, bmi1, bmi2, adx

/proc/cpuinfo:
processor	: 0
vendor_id	: GenuineIntel
cpu family	: 6
model		: 158
model name	: Intel(R) Core(TM) i7-8750H CPU @ 2.20GHz
stepping	: 10
microcode	: 0xde
cpu MHz		: 3332.777
cache size	: 9216 KB
physical id	: 0
siblings	: 12
core id		: 0
cpu cores	: 6
apicid		: 0
initial apicid	: 0
fpu		: yes
fpu_exception	: yes
cpuid level	: 22
wp		: yes
flags		: fpu vme de pse tsc msr pae mce cx8 apic sep mtrr pge mca cmov pat pse36 clflush dts acpi mmx fxsr sse sse2 ss ht tm pbe syscall nx pdpe1gb rdtscp lm constant_tsc art arch_perfmon pebs bts rep_good nopl xtopology nonstop_tsc cpuid aperfmperf pni pclmulqdq dtes64 monitor ds_cpl vmx est tm2 ssse3 sdbg fma cx16 xtpr pdcm pcid sse4_1 sse4_2 x2apic movbe popcnt tsc_deadline_timer aes xsave avx f16c rdrand lahf_lm abm 3dnowprefetch cpuid_fault epb invpcid_single pti ssbd ibrs ibpb stibp tpr_shadow vnmi flexpriority ept vpid ept_ad fsgsbase tsc_adjust bmi1 avx2 smep bmi2 erms invpcid mpx rdseed adx smap clflushopt intel_pt xsaveopt xsavec xgetbv1 xsaves dtherm ida arat pln pts hwp hwp_notify hwp_act_window hwp_epp md_clear flush_l1d
vmx flags	: vnmi preemption_timer invvpid ept_x_only ept_ad ept_1gb flexpriority tsc_offset vtpr mtf vapic ept vpid unrestricted_guest ple pml ept_mode_based_exec
bugs		: cpu_meltdown spectre_v1 spectre_v2 spec_store_bypass l1tf mds swapgs itlb_multihit srbds
bogomips	: 4399.99
clflush size	: 64
cache_alignment	: 64
address sizes	: 39 bits physical, 48 bits virtual
power management:

processor	: 1
vendor_id	: GenuineIntel
cpu family	: 6
model		: 158
model name	: Intel(R) Core(TM) i7-8750H CPU @ 2.20GHz
stepping	: 10
microcode	: 0xde
cpu MHz		: 3329.043
cache size	: 9216 KB
physical id	: 0
siblings	: 12
core id		: 1
cpu cores	: 6
apicid		: 2
initial apicid	: 2
fpu		: yes
fpu_exception	: yes
cpuid level	: 22
wp		: yes
flags		: fpu vme de pse tsc msr pae mce cx8 apic sep mtrr pge mca cmov pat pse36 clflush dts acpi mmx fxsr sse sse2 ss ht tm pbe syscall nx pdpe1gb rdtscp lm constant_tsc art arch_perfmon pebs bts rep_good nopl xtopology nonstop_tsc cpuid aperfmperf pni pclmulqdq dtes64 monitor ds_cpl vmx est tm2 ssse3 sdbg fma cx16 xtpr pdcm pcid sse4_1 sse4_2 x2apic movbe popcnt tsc_deadline_timer aes xsave avx f16c rdrand lahf_lm abm 3dnowprefetch cpuid_fault epb invpcid_single pti ssbd ibrs ibpb stibp tpr_shadow vnmi flexpriority ept vpid ept_ad fsgsbase tsc_adjust bmi1 avx2 smep bmi2 erms invpcid mpx rdseed adx smap clflushopt intel_pt xsaveopt xsavec xgetbv1 xsaves dtherm ida arat pln pts hwp hwp_notify hwp_act_window hwp_epp md_clear flush_l1d
vmx flags	: vnmi preemption_timer invvpid ept_x_only ept_ad ept_1gb flexpriority tsc_offset vtpr mtf vapic ept vpid unrestricted_guest ple pml ept_mode_based_exec
bugs		: cpu_meltdown spectre_v1 spectre_v2 spec_store_bypass l1tf mds swapgs itlb_multihit srbds
bogomips	: 4399.99
clflush size	: 64
cache_alignment	: 64
address sizes	: 39 bits physical, 48 bits virtual
power management:

processor	: 2
vendor_id	: GenuineIntel
cpu family	: 6
model		: 158
model name	: Intel(R) Core(TM) i7-8750H CPU @ 2.20GHz
stepping	: 10
microcode	: 0xde
cpu MHz		: 3335.127
cache size	: 9216 KB
physical id	: 0
siblings	: 12
core id		: 2
cpu cores	: 6
apicid		: 4
initial apicid	: 4
fpu		: yes
fpu_exception	: yes
cpuid level	: 22
wp		: yes
flags		: fpu vme de pse tsc msr pae mce cx8 apic sep mtrr pge mca cmov pat pse36 clflush dts acpi mmx fxsr sse sse2 ss ht tm pbe syscall nx pdpe1gb rdtscp lm constant_tsc art arch_perfmon pebs bts rep_good nopl xtopology nonstop_tsc cpuid aperfmperf pni pclmulqdq dtes64 monitor ds_cpl vmx est tm2 ssse3 sdbg fma cx16 xtpr pdcm pcid sse4_1 sse4_2 x2apic movbe popcnt tsc_deadline_timer aes xsave avx f16c rdrand lahf_lm abm 3dnowprefetch cpuid_fault epb invpcid_single pti ssbd ibrs ibpb stibp tpr_shadow vnmi flexpriority ept vpid ept_ad fsgsbase tsc_adjust bmi1 avx2 smep bmi2 erms invpcid mpx rdseed adx smap clflushopt intel_pt xsaveopt xsavec xgetbv1 xsaves dtherm ida arat pln pts hwp hwp_notify hwp_act_window hwp_epp md_clear flush_l1d
vmx flags	: vnmi preemption_timer invvpid ept_x_only ept_ad ept_1gb flexpriority tsc_offset vtpr mtf vapic ept vpid unrestricted_guest ple pml ept_mode_based_exec
bugs		: cpu_meltdown spectre_v1 spectre_v2 spec_store_bypass l1tf mds swapgs itlb_multihit srbds
bogomips	: 4399.99
clflush size	: 64
cache_alignment	: 64
address sizes	: 39 bits physical, 48 bits virtual
power management:

processor	: 3
vendor_id	: GenuineIntel
cpu family	: 6
model		: 158
model name	: Intel(R) Core(TM) i7-8750H CPU @ 2.20GHz
stepping	: 10
microcode	: 0xde
cpu MHz		: 3334.496
cache size	: 9216 KB
physical id	: 0
siblings	: 12
core id		: 3
cpu cores	: 6
apicid		: 6
initial apicid	: 6
fpu		: yes
fpu_exception	: yes
cpuid level	: 22
wp		: yes
flags		: fpu vme de pse tsc msr pae mce cx8 apic sep mtrr pge mca cmov pat pse36 clflush dts acpi mmx fxsr sse sse2 ss ht tm pbe syscall nx pdpe1gb rdtscp lm constant_tsc art arch_perfmon pebs bts rep_good nopl xtopology nonstop_tsc cpuid aperfmperf pni pclmulqdq dtes64 monitor ds_cpl vmx est tm2 ssse3 sdbg fma cx16 xtpr pdcm pcid sse4_1 sse4_2 x2apic movbe popcnt tsc_deadline_timer aes xsave avx f16c rdrand lahf_lm abm 3dnowprefetch cpuid_fault epb invpcid_single pti ssbd ibrs ibpb stibp tpr_shadow vnmi flexpriority ept vpid ept_ad fsgsbase tsc_adjust bmi1 avx2 smep bmi2 erms invpcid mpx rdseed adx smap clflushopt intel_pt xsaveopt xsavec xgetbv1 xsaves dtherm ida arat pln pts hwp hwp_notify hwp_act_window hwp_epp md_clear flush_l1d
vmx flags	: vnmi preemption_timer invvpid ept_x_only ept_ad ept_1gb flexpriority tsc_offset vtpr mtf vapic ept vpid unrestricted_guest ple pml ept_mode_based_exec
bugs		: cpu_meltdown spectre_v1 spectre_v2 spec_store_bypass l1tf mds swapgs itlb_multihit srbds
bogomips	: 4399.99
clflush size	: 64
cache_alignment	: 64
address sizes	: 39 bits physical, 48 bits virtual
power management:

processor	: 4
vendor_id	: GenuineIntel
cpu family	: 6
model		: 158
model name	: Intel(R) Core(TM) i7-8750H CPU @ 2.20GHz
stepping	: 10
microcode	: 0xde
cpu MHz		: 3337.999
cache size	: 9216 KB
physical id	: 0
siblings	: 12
core id		: 4
cpu cores	: 6
apicid		: 8
initial apicid	: 8
fpu		: yes
fpu_exception	: yes
cpuid level	: 22
wp		: yes
flags		: fpu vme de pse tsc msr pae mce cx8 apic sep mtrr pge mca cmov pat pse36 clflush dts acpi mmx fxsr sse sse2 ss ht tm pbe syscall nx pdpe1gb rdtscp lm constant_tsc art arch_perfmon pebs bts rep_good nopl xtopology nonstop_tsc cpuid aperfmperf pni pclmulqdq dtes64 monitor ds_cpl vmx est tm2 ssse3 sdbg fma cx16 xtpr pdcm pcid sse4_1 sse4_2 x2apic movbe popcnt tsc_deadline_timer aes xsave avx f16c rdrand lahf_lm abm 3dnowprefetch cpuid_fault epb invpcid_single pti ssbd ibrs ibpb stibp tpr_shadow vnmi flexpriority ept vpid ept_ad fsgsbase tsc_adjust bmi1 avx2 smep bmi2 erms invpcid mpx rdseed adx smap clflushopt intel_pt xsaveopt xsavec xgetbv1 xsaves dtherm ida arat pln pts hwp hwp_notify hwp_act_window hwp_epp md_clear flush_l1d
vmx flags	: vnmi preemption_timer invvpid ept_x_only ept_ad ept_1gb flexpriority tsc_offset vtpr mtf vapic ept vpid unrestricted_guest ple pml ept_mode_based_exec
bugs		: cpu_meltdown spectre_v1 spectre_v2 spec_store_bypass l1tf mds swapgs itlb_multihit srbds
bogomips	: 4399.99
clflush size	: 64
cache_alignment	: 64
address sizes	: 39 bits physical, 48 bits virtual
power management:

processor	: 5
vendor_id	: GenuineIntel
cpu family	: 6
model		: 158
model name	: Intel(R) Core(TM) i7-8750H CPU @ 2.20GHz
stepping	: 10
microcode	: 0xde
cpu MHz		: 3335.525
cache size	: 9216 KB
physical id	: 0
siblings	: 12
core id		: 5
cpu cores	: 6
apicid		: 10
initial apicid	: 10
fpu		: yes
fpu_exception	: yes
cpuid level	: 22
wp		: yes
flags		: fpu vme de pse tsc msr pae mce cx8 apic sep mtrr pge mca cmov pat pse36 clflush dts acpi mmx fxsr sse sse2 ss ht tm pbe syscall nx pdpe1gb rdtscp lm constant_tsc art arch_perfmon pebs bts rep_good nopl xtopology nonstop_tsc cpuid aperfmperf pni pclmulqdq dtes64 monitor ds_cpl vmx est tm2 ssse3 sdbg fma cx16 xtpr pdcm pcid sse4_1 sse4_2 x2apic movbe popcnt tsc_deadline_timer aes xsave avx f16c rdrand lahf_lm abm 3dnowprefetch cpuid_fault epb invpcid_single pti ssbd ibrs ibpb stibp tpr_shadow vnmi flexpriority ept vpid ept_ad fsgsbase tsc_adjust bmi1 avx2 smep bmi2 erms invpcid mpx rdseed adx smap clflushopt intel_pt xsaveopt xsavec xgetbv1 xsaves dtherm ida arat pln pts hwp hwp_notify hwp_act_window hwp_epp md_clear flush_l1d
vmx flags	: vnmi preemption_timer invvpid ept_x_only ept_ad ept_1gb flexpriority tsc_offset vtpr mtf vapic ept vpid unrestricted_guest ple pml ept_mode_based_exec
bugs		: cpu_meltdown spectre_v1 spectre_v2 spec_store_bypass l1tf mds swapgs itlb_multihit srbds
bogomips	: 4399.99
clflush size	: 64
cache_alignment	: 64
address sizes	: 39 bits physical, 48 bits virtual
power management:

processor	: 6
vendor_id	: GenuineIntel
cpu family	: 6
model		: 158
model name	: Intel(R) Core(TM) i7-8750H CPU @ 2.20GHz
stepping	: 10
microcode	: 0xde
cpu MHz		: 3336.032
cache size	: 9216 KB
physical id	: 0
siblings	: 12
core id		: 0
cpu cores	: 6
apicid		: 1
initial apicid	: 1
fpu		: yes
fpu_exception	: yes
cpuid level	: 22
wp		: yes
flags		: fpu vme de pse tsc msr pae mce cx8 apic sep mtrr pge mca cmov pat pse36 clflush dts acpi mmx fxsr sse sse2 ss ht tm pbe syscall nx pdpe1gb rdtscp lm constant_tsc art arch_perfmon pebs bts rep_good nopl xtopology nonstop_tsc cpuid aperfmperf pni pclmulqdq dtes64 monitor ds_cpl vmx est tm2 ssse3 sdbg fma cx16 xtpr pdcm pcid sse4_1 sse4_2 x2apic movbe popcnt tsc_deadline_timer aes xsave avx f16c rdrand lahf_lm abm 3dnowprefetch cpuid_fault epb invpcid_single pti ssbd ibrs ibpb stibp tpr_shadow vnmi flexpriority ept vpid ept_ad fsgsbase tsc_adjust bmi1 avx2 smep bmi2 erms invpcid mpx rdseed adx smap clflushopt intel_pt xsaveopt xsavec xgetbv1 xsaves dtherm ida arat pln pts hwp hwp_notify hwp_act_window hwp_epp md_clear flush_l1d
vmx flags	: vnmi preemption_timer invvpid ept_x_only ept_ad ept_1gb flexpriority tsc_offset vtpr mtf vapic ept vpid unrestricted_guest ple pml ept_mode_based_exec
bugs		: cpu_meltdown spectre_v1 spectre_v2 spec_store_bypass l1tf mds swapgs itlb_multihit srbds
bogomips	: 4399.99
clflush size	: 64
cache_alignment	: 64
address sizes	: 39 bits physical, 48 bits virtual
power management:

processor	: 7
vendor_id	: GenuineIntel
cpu family	: 6
model		: 158
model name	: Intel(R) Core(TM) i7-8750H CPU @ 2.20GHz
stepping	: 10
microcode	: 0xde
cpu MHz		: 3335.661
cache size	: 9216 KB
physical id	: 0
siblings	: 12
core id		: 1
cpu cores	: 6
apicid		: 3
initial apicid	: 3
fpu		: yes
fpu_exception	: yes
cpuid level	: 22
wp		: yes
flags		: fpu vme de pse tsc msr pae mce cx8 apic sep mtrr pge mca cmov pat pse36 clflush dts acpi mmx fxsr sse sse2 ss ht tm pbe syscall nx pdpe1gb rdtscp lm constant_tsc art arch_perfmon pebs bts rep_good nopl xtopology nonstop_tsc cpuid aperfmperf pni pclmulqdq dtes64 monitor ds_cpl vmx est tm2 ssse3 sdbg fma cx16 xtpr pdcm pcid sse4_1 sse4_2 x2apic movbe popcnt tsc_deadline_timer aes xsave avx f16c rdrand lahf_lm abm 3dnowprefetch cpuid_fault epb invpcid_single pti ssbd ibrs ibpb stibp tpr_shadow vnmi flexpriority ept vpid ept_ad fsgsbase tsc_adjust bmi1 avx2 smep bmi2 erms invpcid mpx rdseed adx smap clflushopt intel_pt xsaveopt xsavec xgetbv1 xsaves dtherm ida arat pln pts hwp hwp_notify hwp_act_window hwp_epp md_clear flush_l1d
vmx flags	: vnmi preemption_timer invvpid ept_x_only ept_ad ept_1gb flexpriority tsc_offset vtpr mtf vapic ept vpid unrestricted_guest ple pml ept_mode_based_exec
bugs		: cpu_meltdown spectre_v1 spectre_v2 spec_store_bypass l1tf mds swapgs itlb_multihit srbds
bogomips	: 4399.99
clflush size	: 64
cache_alignment	: 64
address sizes	: 39 bits physical, 48 bits virtual
power management:

processor	: 8
vendor_id	: GenuineIntel
cpu family	: 6
model		: 158
model name	: Intel(R) Core(TM) i7-8750H CPU @ 2.20GHz
stepping	: 10
microcode	: 0xde
cpu MHz		: 3337.054
cache size	: 9216 KB
physical id	: 0
siblings	: 12
core id		: 2
cpu cores	: 6
apicid		: 5
initial apicid	: 5
fpu		: yes
fpu_exception	: yes
cpuid level	: 22
wp		: yes
flags		: fpu vme de pse tsc msr pae mce cx8 apic sep mtrr pge mca cmov pat pse36 clflush dts acpi mmx fxsr sse sse2 ss ht tm pbe syscall nx pdpe1gb rdtscp lm constant_tsc art arch_perfmon pebs bts rep_good nopl xtopology nonstop_tsc cpuid aperfmperf pni pclmulqdq dtes64 monitor ds_cpl vmx est tm2 ssse3 sdbg fma cx16 xtpr pdcm pcid sse4_1 sse4_2 x2apic movbe popcnt tsc_deadline_timer aes xsave avx f16c rdrand lahf_lm abm 3dnowprefetch cpuid_fault epb invpcid_single pti ssbd ibrs ibpb stibp tpr_shadow vnmi flexpriority ept vpid ept_ad fsgsbase tsc_adjust bmi1 avx2 smep bmi2 erms invpcid mpx rdseed adx smap clflushopt intel_pt xsaveopt xsavec xgetbv1 xsaves dtherm ida arat pln pts hwp hwp_notify hwp_act_window hwp_epp md_clear flush_l1d
vmx flags	: vnmi preemption_timer invvpid ept_x_only ept_ad ept_1gb flexpriority tsc_offset vtpr mtf vapic ept vpid unrestricted_guest ple pml ept_mode_based_exec
bugs		: cpu_meltdown spectre_v1 spectre_v2 spec_store_bypass l1tf mds swapgs itlb_multihit srbds
bogomips	: 4399.99
clflush size	: 64
cache_alignment	: 64
address sizes	: 39 bits physical, 48 bits virtual
power management:

processor	: 9
vendor_id	: GenuineIntel
cpu family	: 6
model		: 158
model name	: Intel(R) Core(TM) i7-8750H CPU @ 2.20GHz
stepping	: 10
microcode	: 0xde
cpu MHz		: 3342.282
cache size	: 9216 KB
physical id	: 0
siblings	: 12
core id		: 3
cpu cores	: 6
apicid		: 7
initial apicid	: 7
fpu		: yes
fpu_exception	: yes
cpuid level	: 22
wp		: yes
flags		: fpu vme de pse tsc msr pae mce cx8 apic sep mtrr pge mca cmov pat pse36 clflush dts acpi mmx fxsr sse sse2 ss ht tm pbe syscall nx pdpe1gb rdtscp lm constant_tsc art arch_perfmon pebs bts rep_good nopl xtopology nonstop_tsc cpuid aperfmperf pni pclmulqdq dtes64 monitor ds_cpl vmx est tm2 ssse3 sdbg fma cx16 xtpr pdcm pcid sse4_1 sse4_2 x2apic movbe popcnt tsc_deadline_timer aes xsave avx f16c rdrand lahf_lm abm 3dnowprefetch cpuid_fault epb invpcid_single pti ssbd ibrs ibpb stibp tpr_shadow vnmi flexpriority ept vpid ept_ad fsgsbase tsc_adjust bmi1 avx2 smep bmi2 erms invpcid mpx rdseed adx smap clflushopt intel_pt xsaveopt xsavec xgetbv1 xsaves dtherm ida arat pln pts hwp hwp_notify hwp_act_window hwp_epp md_clear flush_l1d
vmx flags	: vnmi preemption_timer invvpid ept_x_only ept_ad ept_1gb flexpriority tsc_offset vtpr mtf vapic ept vpid unrestricted_guest ple pml ept_mode_based_exec
bugs		: cpu_meltdown spectre_v1 spectre_v2 spec_store_bypass l1tf mds swapgs itlb_multihit srbds
bogomips	: 4399.99
clflush size	: 64
cache_alignment	: 64
address sizes	: 39 bits physical, 48 bits virtual
power management:

processor	: 10
vendor_id	: GenuineIntel
cpu family	: 6
model		: 158
model name	: Intel(R) Core(TM) i7-8750H CPU @ 2.20GHz
stepping	: 10
microcode	: 0xde
cpu MHz		: 3335.043
cache size	: 9216 KB
physical id	: 0
siblings	: 12
core id		: 4
cpu cores	: 6
apicid		: 9
initial apicid	: 9
fpu		: yes
fpu_exception	: yes
cpuid level	: 22
wp		: yes
flags		: fpu vme de pse tsc msr pae mce cx8 apic sep mtrr pge mca cmov pat pse36 clflush dts acpi mmx fxsr sse sse2 ss ht tm pbe syscall nx pdpe1gb rdtscp lm constant_tsc art arch_perfmon pebs bts rep_good nopl xtopology nonstop_tsc cpuid aperfmperf pni pclmulqdq dtes64 monitor ds_cpl vmx est tm2 ssse3 sdbg fma cx16 xtpr pdcm pcid sse4_1 sse4_2 x2apic movbe popcnt tsc_deadline_timer aes xsave avx f16c rdrand lahf_lm abm 3dnowprefetch cpuid_fault epb invpcid_single pti ssbd ibrs ibpb stibp tpr_shadow vnmi flexpriority ept vpid ept_ad fsgsbase tsc_adjust bmi1 avx2 smep bmi2 erms invpcid mpx rdseed adx smap clflushopt intel_pt xsaveopt xsavec xgetbv1 xsaves dtherm ida arat pln pts hwp hwp_notify hwp_act_window hwp_epp md_clear flush_l1d
vmx flags	: vnmi preemption_timer invvpid ept_x_only ept_ad ept_1gb flexpriority tsc_offset vtpr mtf vapic ept vpid unrestricted_guest ple pml ept_mode_based_exec
bugs		: cpu_meltdown spectre_v1 spectre_v2 spec_store_bypass l1tf mds swapgs itlb_multihit srbds
bogomips	: 4399.99
clflush size	: 64
cache_alignment	: 64
address sizes	: 39 bits physical, 48 bits virtual
power management:

processor	: 11
vendor_id	: GenuineIntel
cpu family	: 6
model		: 158
model name	: Intel(R) Core(TM) i7-8750H CPU @ 2.20GHz
stepping	: 10
microcode	: 0xde
cpu MHz		: 3339.446
cache size	: 9216 KB
physical id	: 0
siblings	: 12
core id		: 5
cpu cores	: 6
apicid		: 11
initial apicid	: 11
fpu		: yes
fpu_exception	: yes
cpuid level	: 22
wp		: yes
flags		: fpu vme de pse tsc msr pae mce cx8 apic sep mtrr pge mca cmov pat pse36 clflush dts acpi mmx fxsr sse sse2 ss ht tm pbe syscall nx pdpe1gb rdtscp lm constant_tsc art arch_perfmon pebs bts rep_good nopl xtopology nonstop_tsc cpuid aperfmperf pni pclmulqdq dtes64 monitor ds_cpl vmx est tm2 ssse3 sdbg fma cx16 xtpr pdcm pcid sse4_1 sse4_2 x2apic movbe popcnt tsc_deadline_timer aes xsave avx f16c rdrand lahf_lm abm 3dnowprefetch cpuid_fault epb invpcid_single pti ssbd ibrs ibpb stibp tpr_shadow vnmi flexpriority ept vpid ept_ad fsgsbase tsc_adjust bmi1 avx2 smep bmi2 erms invpcid mpx rdseed adx smap clflushopt intel_pt xsaveopt xsavec xgetbv1 xsaves dtherm ida arat pln pts hwp hwp_notify hwp_act_window hwp_epp md_clear flush_l1d
vmx flags	: vnmi preemption_timer invvpid ept_x_only ept_ad ept_1gb flexpriority tsc_offset vtpr mtf vapic ept vpid unrestricted_guest ple pml ept_mode_based_exec
bugs		: cpu_meltdown spectre_v1 spectre_v2 spec_store_bypass l1tf mds swapgs itlb_multihit srbds
bogomips	: 4399.99
clflush size	: 64
cache_alignment	: 64
address sizes	: 39 bits physical, 48 bits virtual
power management:



Memory: 4k page, physical 32639020k(1838524k free), swap 4193784k(4193784k free)

vm_info: OpenJDK 64-Bit Server VM (25.282-b08) for linux-amd64 JRE (1.8.0_282-8u282-b08-0ubuntu1~20.04-b08), built on Jan 20 2021 03:59:41 by "buildd" with gcc 9.3.0

time: Thu Mar  4 11:00:21 2021
timezone: EST
elapsed time: 0.027477 seconds (0d 0h 0m 0s)

